<!DOCTYPE html>
<html>
<head>
<meta http-equiv="Content-Type" content="text/html; charset=utf-8"/>
<meta http-equiv="x-ua-compatible" content="IE=edge"/>
<title>Test results - Class api.mappings.Member.CreateMemberNegativeTest</title>
<link href="../css/base-style.css" rel="stylesheet" type="text/css"/>
<link href="../css/style.css" rel="stylesheet" type="text/css"/>
<script src="../js/report.js" type="text/javascript"></script>
</head>
<body>
<div id="content">
<h1>Class api.mappings.Member.CreateMemberNegativeTest</h1>
<div class="breadcrumbs">
<a href="../index.html">all</a> &gt; 
<a href="../packages/api.mappings.Member.html">api.mappings.Member</a> &gt; CreateMemberNegativeTest</div>
<div id="summary">
<table>
<tr>
<td>
<div class="summaryGroup">
<table>
<tr>
<td>
<div class="infoBox" id="tests">
<div class="counter">14</div>
<p>tests</p>
</div>
</td>
<td>
<div class="infoBox" id="failures">
<div class="counter">8</div>
<p>failures</p>
</div>
</td>
<td>
<div class="infoBox" id="ignored">
<div class="counter">0</div>
<p>ignored</p>
</div>
</td>
<td>
<div class="infoBox" id="duration">
<div class="counter">4.830s</div>
<p>duration</p>
</div>
</td>
</tr>
</table>
</div>
</td>
<td>
<div class="infoBox failures" id="successRate">
<div class="percent">42%</div>
<p>successful</p>
</div>
</td>
</tr>
</table>
</div>
<div id="tabs">
<ul class="tabLinks">
<li>
<a href="#tab0">Failed tests</a>
</li>
<li>
<a href="#tab1">Tests</a>
</li>
<li>
<a href="#tab2">Standard error</a>
</li>
</ul>
<div id="tab0" class="tab">
<h2>Failed tests</h2>
<div class="test">
<a name="createMemberNegativeTest11"></a>
<h3 class="failures">createMemberNegativeTest11</h3>
<span class="code">
<pre>java.lang.AssertionError: Message is not the expected
Expected: is &quot;Invalid Postal Code&quot;
     but: was &quot;Invalid Phone Number&quot;
	at org.hamcrest.MatcherAssert.assertThat(MatcherAssert.java:20)
	at api.validators.ErrorResponseValidator.assertErrorResponse(ErrorResponseValidator.java:20)
	at api.mappings.Member.CreateMemberNegativeTest.createMemberNegativeTest11(CreateMemberNegativeTest.java:253)
	at java.base/jdk.internal.reflect.DirectMethodHandleAccessor.invoke(DirectMethodHandleAccessor.java:103)
	at java.base/java.lang.reflect.Method.invoke(Method.java:580)
	at org.testng.internal.MethodInvocationHelper.invokeMethod(MethodInvocationHelper.java:133)
	at org.testng.internal.TestInvoker.invokeMethod(TestInvoker.java:598)
	at org.testng.internal.TestInvoker.invokeTestMethod(TestInvoker.java:173)
	at org.testng.internal.MethodRunner.runInSequence(MethodRunner.java:46)
	at org.testng.internal.TestInvoker$MethodInvocationAgent.invoke(TestInvoker.java:824)
	at org.testng.internal.TestInvoker.invokeTestMethods(TestInvoker.java:146)
	at org.testng.internal.TestMethodWorker.invokeTestMethods(TestMethodWorker.java:146)
	at org.testng.internal.TestMethodWorker.run(TestMethodWorker.java:128)
	at java.base/java.util.ArrayList.forEach(ArrayList.java:1596)
	at org.testng.TestRunner.privateRun(TestRunner.java:794)
	at org.testng.TestRunner.run(TestRunner.java:596)
	at org.testng.SuiteRunner.runTest(SuiteRunner.java:377)
	at org.testng.SuiteRunner.runSequentially(SuiteRunner.java:371)
	at org.testng.SuiteRunner.privateRun(SuiteRunner.java:332)
	at org.testng.SuiteRunner.run(SuiteRunner.java:276)
	at org.testng.SuiteRunnerWorker.runSuite(SuiteRunnerWorker.java:53)
	at org.testng.SuiteRunnerWorker.run(SuiteRunnerWorker.java:96)
	at org.testng.TestNG.runSuitesSequentially(TestNG.java:1212)
	at org.testng.TestNG.runSuitesLocally(TestNG.java:1134)
	at org.testng.TestNG.runSuites(TestNG.java:1063)
	at org.testng.TestNG.run(TestNG.java:1031)
	at org.gradle.api.internal.tasks.testing.testng.TestNGTestClassProcessor.runTests(TestNGTestClassProcessor.java:153)
	at org.gradle.api.internal.tasks.testing.testng.TestNGTestClassProcessor.stop(TestNGTestClassProcessor.java:95)
	at org.gradle.api.internal.tasks.testing.SuiteTestClassProcessor.stop(SuiteTestClassProcessor.java:63)
	at java.base/jdk.internal.reflect.DirectMethodHandleAccessor.invoke(DirectMethodHandleAccessor.java:103)
	at java.base/java.lang.reflect.Method.invoke(Method.java:580)
	at org.gradle.internal.dispatch.ReflectionDispatch.dispatch(ReflectionDispatch.java:36)
	at org.gradle.internal.dispatch.ReflectionDispatch.dispatch(ReflectionDispatch.java:24)
	at org.gradle.internal.dispatch.ContextClassLoaderDispatch.dispatch(ContextClassLoaderDispatch.java:33)
	at org.gradle.internal.dispatch.ProxyDispatchAdapter$DispatchingInvocationHandler.invoke(ProxyDispatchAdapter.java:92)
	at jdk.proxy1/jdk.proxy1.$Proxy4.stop(Unknown Source)
	at org.gradle.api.internal.tasks.testing.worker.TestWorker$3.run(TestWorker.java:200)
	at org.gradle.api.internal.tasks.testing.worker.TestWorker.executeAndMaintainThreadName(TestWorker.java:132)
	at org.gradle.api.internal.tasks.testing.worker.TestWorker.execute(TestWorker.java:103)
	at org.gradle.api.internal.tasks.testing.worker.TestWorker.execute(TestWorker.java:63)
	at org.gradle.process.internal.worker.child.ActionExecutionWorker.execute(ActionExecutionWorker.java:56)
	at org.gradle.process.internal.worker.child.SystemApplicationClassLoaderWorker.call(SystemApplicationClassLoaderWorker.java:121)
	at org.gradle.process.internal.worker.child.SystemApplicationClassLoaderWorker.call(SystemApplicationClassLoaderWorker.java:71)
	at worker.org.gradle.process.internal.worker.GradleWorkerMain.run(GradleWorkerMain.java:69)
	at worker.org.gradle.process.internal.worker.GradleWorkerMain.main(GradleWorkerMain.java:74)
</pre>
</span>
</div>
<div class="test">
<a name="createMemberNegativeTest12"></a>
<h3 class="failures">createMemberNegativeTest12</h3>
<span class="code">
<pre>java.lang.AssertionError: Message is not the expected
Expected: is &quot;Invalid Postal Code&quot;
     but: was &quot;Invalid Phone Number&quot;
	at org.hamcrest.MatcherAssert.assertThat(MatcherAssert.java:20)
	at api.validators.ErrorResponseValidator.assertErrorResponse(ErrorResponseValidator.java:20)
	at api.mappings.Member.CreateMemberNegativeTest.createMemberNegativeTest12(CreateMemberNegativeTest.java:274)
	at java.base/jdk.internal.reflect.DirectMethodHandleAccessor.invoke(DirectMethodHandleAccessor.java:103)
	at java.base/java.lang.reflect.Method.invoke(Method.java:580)
	at org.testng.internal.MethodInvocationHelper.invokeMethod(MethodInvocationHelper.java:133)
	at org.testng.internal.TestInvoker.invokeMethod(TestInvoker.java:598)
	at org.testng.internal.TestInvoker.invokeTestMethod(TestInvoker.java:173)
	at org.testng.internal.MethodRunner.runInSequence(MethodRunner.java:46)
	at org.testng.internal.TestInvoker$MethodInvocationAgent.invoke(TestInvoker.java:824)
	at org.testng.internal.TestInvoker.invokeTestMethods(TestInvoker.java:146)
	at org.testng.internal.TestMethodWorker.invokeTestMethods(TestMethodWorker.java:146)
	at org.testng.internal.TestMethodWorker.run(TestMethodWorker.java:128)
	at java.base/java.util.ArrayList.forEach(ArrayList.java:1596)
	at org.testng.TestRunner.privateRun(TestRunner.java:794)
	at org.testng.TestRunner.run(TestRunner.java:596)
	at org.testng.SuiteRunner.runTest(SuiteRunner.java:377)
	at org.testng.SuiteRunner.runSequentially(SuiteRunner.java:371)
	at org.testng.SuiteRunner.privateRun(SuiteRunner.java:332)
	at org.testng.SuiteRunner.run(SuiteRunner.java:276)
	at org.testng.SuiteRunnerWorker.runSuite(SuiteRunnerWorker.java:53)
	at org.testng.SuiteRunnerWorker.run(SuiteRunnerWorker.java:96)
	at org.testng.TestNG.runSuitesSequentially(TestNG.java:1212)
	at org.testng.TestNG.runSuitesLocally(TestNG.java:1134)
	at org.testng.TestNG.runSuites(TestNG.java:1063)
	at org.testng.TestNG.run(TestNG.java:1031)
	at org.gradle.api.internal.tasks.testing.testng.TestNGTestClassProcessor.runTests(TestNGTestClassProcessor.java:153)
	at org.gradle.api.internal.tasks.testing.testng.TestNGTestClassProcessor.stop(TestNGTestClassProcessor.java:95)
	at org.gradle.api.internal.tasks.testing.SuiteTestClassProcessor.stop(SuiteTestClassProcessor.java:63)
	at java.base/jdk.internal.reflect.DirectMethodHandleAccessor.invoke(DirectMethodHandleAccessor.java:103)
	at java.base/java.lang.reflect.Method.invoke(Method.java:580)
	at org.gradle.internal.dispatch.ReflectionDispatch.dispatch(ReflectionDispatch.java:36)
	at org.gradle.internal.dispatch.ReflectionDispatch.dispatch(ReflectionDispatch.java:24)
	at org.gradle.internal.dispatch.ContextClassLoaderDispatch.dispatch(ContextClassLoaderDispatch.java:33)
	at org.gradle.internal.dispatch.ProxyDispatchAdapter$DispatchingInvocationHandler.invoke(ProxyDispatchAdapter.java:92)
	at jdk.proxy1/jdk.proxy1.$Proxy4.stop(Unknown Source)
	at org.gradle.api.internal.tasks.testing.worker.TestWorker$3.run(TestWorker.java:200)
	at org.gradle.api.internal.tasks.testing.worker.TestWorker.executeAndMaintainThreadName(TestWorker.java:132)
	at org.gradle.api.internal.tasks.testing.worker.TestWorker.execute(TestWorker.java:103)
	at org.gradle.api.internal.tasks.testing.worker.TestWorker.execute(TestWorker.java:63)
	at org.gradle.process.internal.worker.child.ActionExecutionWorker.execute(ActionExecutionWorker.java:56)
	at org.gradle.process.internal.worker.child.SystemApplicationClassLoaderWorker.call(SystemApplicationClassLoaderWorker.java:121)
	at org.gradle.process.internal.worker.child.SystemApplicationClassLoaderWorker.call(SystemApplicationClassLoaderWorker.java:71)
	at worker.org.gradle.process.internal.worker.GradleWorkerMain.run(GradleWorkerMain.java:69)
	at worker.org.gradle.process.internal.worker.GradleWorkerMain.main(GradleWorkerMain.java:74)
</pre>
</span>
</div>
<div class="test">
<a name="createMemberNegativeTest14"></a>
<h3 class="failures">createMemberNegativeTest14</h3>
<span class="code">
<pre>java.lang.AssertionError: Message is not the expected
Expected: is &quot;Invalid Postal Code&quot;
     but: was &quot;Invalid Phone Number&quot;
	at org.hamcrest.MatcherAssert.assertThat(MatcherAssert.java:20)
	at api.validators.ErrorResponseValidator.assertErrorResponse(ErrorResponseValidator.java:20)
	at api.mappings.Member.CreateMemberNegativeTest.createMemberNegativeTest14(CreateMemberNegativeTest.java:316)
	at java.base/jdk.internal.reflect.DirectMethodHandleAccessor.invoke(DirectMethodHandleAccessor.java:103)
	at java.base/java.lang.reflect.Method.invoke(Method.java:580)
	at org.testng.internal.MethodInvocationHelper.invokeMethod(MethodInvocationHelper.java:133)
	at org.testng.internal.TestInvoker.invokeMethod(TestInvoker.java:598)
	at org.testng.internal.TestInvoker.invokeTestMethod(TestInvoker.java:173)
	at org.testng.internal.MethodRunner.runInSequence(MethodRunner.java:46)
	at org.testng.internal.TestInvoker$MethodInvocationAgent.invoke(TestInvoker.java:824)
	at org.testng.internal.TestInvoker.invokeTestMethods(TestInvoker.java:146)
	at org.testng.internal.TestMethodWorker.invokeTestMethods(TestMethodWorker.java:146)
	at org.testng.internal.TestMethodWorker.run(TestMethodWorker.java:128)
	at java.base/java.util.ArrayList.forEach(ArrayList.java:1596)
	at org.testng.TestRunner.privateRun(TestRunner.java:794)
	at org.testng.TestRunner.run(TestRunner.java:596)
	at org.testng.SuiteRunner.runTest(SuiteRunner.java:377)
	at org.testng.SuiteRunner.runSequentially(SuiteRunner.java:371)
	at org.testng.SuiteRunner.privateRun(SuiteRunner.java:332)
	at org.testng.SuiteRunner.run(SuiteRunner.java:276)
	at org.testng.SuiteRunnerWorker.runSuite(SuiteRunnerWorker.java:53)
	at org.testng.SuiteRunnerWorker.run(SuiteRunnerWorker.java:96)
	at org.testng.TestNG.runSuitesSequentially(TestNG.java:1212)
	at org.testng.TestNG.runSuitesLocally(TestNG.java:1134)
	at org.testng.TestNG.runSuites(TestNG.java:1063)
	at org.testng.TestNG.run(TestNG.java:1031)
	at org.gradle.api.internal.tasks.testing.testng.TestNGTestClassProcessor.runTests(TestNGTestClassProcessor.java:153)
	at org.gradle.api.internal.tasks.testing.testng.TestNGTestClassProcessor.stop(TestNGTestClassProcessor.java:95)
	at org.gradle.api.internal.tasks.testing.SuiteTestClassProcessor.stop(SuiteTestClassProcessor.java:63)
	at java.base/jdk.internal.reflect.DirectMethodHandleAccessor.invoke(DirectMethodHandleAccessor.java:103)
	at java.base/java.lang.reflect.Method.invoke(Method.java:580)
	at org.gradle.internal.dispatch.ReflectionDispatch.dispatch(ReflectionDispatch.java:36)
	at org.gradle.internal.dispatch.ReflectionDispatch.dispatch(ReflectionDispatch.java:24)
	at org.gradle.internal.dispatch.ContextClassLoaderDispatch.dispatch(ContextClassLoaderDispatch.java:33)
	at org.gradle.internal.dispatch.ProxyDispatchAdapter$DispatchingInvocationHandler.invoke(ProxyDispatchAdapter.java:92)
	at jdk.proxy1/jdk.proxy1.$Proxy4.stop(Unknown Source)
	at org.gradle.api.internal.tasks.testing.worker.TestWorker$3.run(TestWorker.java:200)
	at org.gradle.api.internal.tasks.testing.worker.TestWorker.executeAndMaintainThreadName(TestWorker.java:132)
	at org.gradle.api.internal.tasks.testing.worker.TestWorker.execute(TestWorker.java:103)
	at org.gradle.api.internal.tasks.testing.worker.TestWorker.execute(TestWorker.java:63)
	at org.gradle.process.internal.worker.child.ActionExecutionWorker.execute(ActionExecutionWorker.java:56)
	at org.gradle.process.internal.worker.child.SystemApplicationClassLoaderWorker.call(SystemApplicationClassLoaderWorker.java:121)
	at org.gradle.process.internal.worker.child.SystemApplicationClassLoaderWorker.call(SystemApplicationClassLoaderWorker.java:71)
	at worker.org.gradle.process.internal.worker.GradleWorkerMain.run(GradleWorkerMain.java:69)
	at worker.org.gradle.process.internal.worker.GradleWorkerMain.main(GradleWorkerMain.java:74)
</pre>
</span>
</div>
<div class="test">
<a name="createMemberNegativeTest3"></a>
<h3 class="failures">createMemberNegativeTest3</h3>
<span class="code">
<pre>java.lang.AssertionError: Expected response code to be [400] but was [500]
Expected: is &lt;400&gt;
     but: was &lt;500&gt;
	at org.hamcrest.MatcherAssert.assertThat(MatcherAssert.java:20)
	at api.validators.ResponseValidator.assertBadRequest(ResponseValidator.java:69)
	at api.mappings.Member.CreateMemberNegativeTest.createMemberNegativeTest3(CreateMemberNegativeTest.java:82)
	at java.base/jdk.internal.reflect.DirectMethodHandleAccessor.invoke(DirectMethodHandleAccessor.java:103)
	at java.base/java.lang.reflect.Method.invoke(Method.java:580)
	at org.testng.internal.MethodInvocationHelper.invokeMethod(MethodInvocationHelper.java:133)
	at org.testng.internal.TestInvoker.invokeMethod(TestInvoker.java:598)
	at org.testng.internal.TestInvoker.invokeTestMethod(TestInvoker.java:173)
	at org.testng.internal.MethodRunner.runInSequence(MethodRunner.java:46)
	at org.testng.internal.TestInvoker$MethodInvocationAgent.invoke(TestInvoker.java:824)
	at org.testng.internal.TestInvoker.invokeTestMethods(TestInvoker.java:146)
	at org.testng.internal.TestMethodWorker.invokeTestMethods(TestMethodWorker.java:146)
	at org.testng.internal.TestMethodWorker.run(TestMethodWorker.java:128)
	at java.base/java.util.ArrayList.forEach(ArrayList.java:1596)
	at org.testng.TestRunner.privateRun(TestRunner.java:794)
	at org.testng.TestRunner.run(TestRunner.java:596)
	at org.testng.SuiteRunner.runTest(SuiteRunner.java:377)
	at org.testng.SuiteRunner.runSequentially(SuiteRunner.java:371)
	at org.testng.SuiteRunner.privateRun(SuiteRunner.java:332)
	at org.testng.SuiteRunner.run(SuiteRunner.java:276)
	at org.testng.SuiteRunnerWorker.runSuite(SuiteRunnerWorker.java:53)
	at org.testng.SuiteRunnerWorker.run(SuiteRunnerWorker.java:96)
	at org.testng.TestNG.runSuitesSequentially(TestNG.java:1212)
	at org.testng.TestNG.runSuitesLocally(TestNG.java:1134)
	at org.testng.TestNG.runSuites(TestNG.java:1063)
	at org.testng.TestNG.run(TestNG.java:1031)
	at org.gradle.api.internal.tasks.testing.testng.TestNGTestClassProcessor.runTests(TestNGTestClassProcessor.java:153)
	at org.gradle.api.internal.tasks.testing.testng.TestNGTestClassProcessor.stop(TestNGTestClassProcessor.java:95)
	at org.gradle.api.internal.tasks.testing.SuiteTestClassProcessor.stop(SuiteTestClassProcessor.java:63)
	at java.base/jdk.internal.reflect.DirectMethodHandleAccessor.invoke(DirectMethodHandleAccessor.java:103)
	at java.base/java.lang.reflect.Method.invoke(Method.java:580)
	at org.gradle.internal.dispatch.ReflectionDispatch.dispatch(ReflectionDispatch.java:36)
	at org.gradle.internal.dispatch.ReflectionDispatch.dispatch(ReflectionDispatch.java:24)
	at org.gradle.internal.dispatch.ContextClassLoaderDispatch.dispatch(ContextClassLoaderDispatch.java:33)
	at org.gradle.internal.dispatch.ProxyDispatchAdapter$DispatchingInvocationHandler.invoke(ProxyDispatchAdapter.java:92)
	at jdk.proxy1/jdk.proxy1.$Proxy4.stop(Unknown Source)
	at org.gradle.api.internal.tasks.testing.worker.TestWorker$3.run(TestWorker.java:200)
	at org.gradle.api.internal.tasks.testing.worker.TestWorker.executeAndMaintainThreadName(TestWorker.java:132)
	at org.gradle.api.internal.tasks.testing.worker.TestWorker.execute(TestWorker.java:103)
	at org.gradle.api.internal.tasks.testing.worker.TestWorker.execute(TestWorker.java:63)
	at org.gradle.process.internal.worker.child.ActionExecutionWorker.execute(ActionExecutionWorker.java:56)
	at org.gradle.process.internal.worker.child.SystemApplicationClassLoaderWorker.call(SystemApplicationClassLoaderWorker.java:121)
	at org.gradle.process.internal.worker.child.SystemApplicationClassLoaderWorker.call(SystemApplicationClassLoaderWorker.java:71)
	at worker.org.gradle.process.internal.worker.GradleWorkerMain.run(GradleWorkerMain.java:69)
	at worker.org.gradle.process.internal.worker.GradleWorkerMain.main(GradleWorkerMain.java:74)
</pre>
</span>
</div>
<div class="test">
<a name="createMemberNegativeTest5"></a>
<h3 class="failures">createMemberNegativeTest5</h3>
<span class="code">
<pre>java.lang.AssertionError: Expected response code to be [400] but was [500]
Expected: is &lt;400&gt;
     but: was &lt;500&gt;
	at org.hamcrest.MatcherAssert.assertThat(MatcherAssert.java:20)
	at api.validators.ResponseValidator.assertBadRequest(ResponseValidator.java:69)
	at api.mappings.Member.CreateMemberNegativeTest.createMemberNegativeTest5(CreateMemberNegativeTest.java:124)
	at java.base/jdk.internal.reflect.DirectMethodHandleAccessor.invoke(DirectMethodHandleAccessor.java:103)
	at java.base/java.lang.reflect.Method.invoke(Method.java:580)
	at org.testng.internal.MethodInvocationHelper.invokeMethod(MethodInvocationHelper.java:133)
	at org.testng.internal.TestInvoker.invokeMethod(TestInvoker.java:598)
	at org.testng.internal.TestInvoker.invokeTestMethod(TestInvoker.java:173)
	at org.testng.internal.MethodRunner.runInSequence(MethodRunner.java:46)
	at org.testng.internal.TestInvoker$MethodInvocationAgent.invoke(TestInvoker.java:824)
	at org.testng.internal.TestInvoker.invokeTestMethods(TestInvoker.java:146)
	at org.testng.internal.TestMethodWorker.invokeTestMethods(TestMethodWorker.java:146)
	at org.testng.internal.TestMethodWorker.run(TestMethodWorker.java:128)
	at java.base/java.util.ArrayList.forEach(ArrayList.java:1596)
	at org.testng.TestRunner.privateRun(TestRunner.java:794)
	at org.testng.TestRunner.run(TestRunner.java:596)
	at org.testng.SuiteRunner.runTest(SuiteRunner.java:377)
	at org.testng.SuiteRunner.runSequentially(SuiteRunner.java:371)
	at org.testng.SuiteRunner.privateRun(SuiteRunner.java:332)
	at org.testng.SuiteRunner.run(SuiteRunner.java:276)
	at org.testng.SuiteRunnerWorker.runSuite(SuiteRunnerWorker.java:53)
	at org.testng.SuiteRunnerWorker.run(SuiteRunnerWorker.java:96)
	at org.testng.TestNG.runSuitesSequentially(TestNG.java:1212)
	at org.testng.TestNG.runSuitesLocally(TestNG.java:1134)
	at org.testng.TestNG.runSuites(TestNG.java:1063)
	at org.testng.TestNG.run(TestNG.java:1031)
	at org.gradle.api.internal.tasks.testing.testng.TestNGTestClassProcessor.runTests(TestNGTestClassProcessor.java:153)
	at org.gradle.api.internal.tasks.testing.testng.TestNGTestClassProcessor.stop(TestNGTestClassProcessor.java:95)
	at org.gradle.api.internal.tasks.testing.SuiteTestClassProcessor.stop(SuiteTestClassProcessor.java:63)
	at java.base/jdk.internal.reflect.DirectMethodHandleAccessor.invoke(DirectMethodHandleAccessor.java:103)
	at java.base/java.lang.reflect.Method.invoke(Method.java:580)
	at org.gradle.internal.dispatch.ReflectionDispatch.dispatch(ReflectionDispatch.java:36)
	at org.gradle.internal.dispatch.ReflectionDispatch.dispatch(ReflectionDispatch.java:24)
	at org.gradle.internal.dispatch.ContextClassLoaderDispatch.dispatch(ContextClassLoaderDispatch.java:33)
	at org.gradle.internal.dispatch.ProxyDispatchAdapter$DispatchingInvocationHandler.invoke(ProxyDispatchAdapter.java:92)
	at jdk.proxy1/jdk.proxy1.$Proxy4.stop(Unknown Source)
	at org.gradle.api.internal.tasks.testing.worker.TestWorker$3.run(TestWorker.java:200)
	at org.gradle.api.internal.tasks.testing.worker.TestWorker.executeAndMaintainThreadName(TestWorker.java:132)
	at org.gradle.api.internal.tasks.testing.worker.TestWorker.execute(TestWorker.java:103)
	at org.gradle.api.internal.tasks.testing.worker.TestWorker.execute(TestWorker.java:63)
	at org.gradle.process.internal.worker.child.ActionExecutionWorker.execute(ActionExecutionWorker.java:56)
	at org.gradle.process.internal.worker.child.SystemApplicationClassLoaderWorker.call(SystemApplicationClassLoaderWorker.java:121)
	at org.gradle.process.internal.worker.child.SystemApplicationClassLoaderWorker.call(SystemApplicationClassLoaderWorker.java:71)
	at worker.org.gradle.process.internal.worker.GradleWorkerMain.run(GradleWorkerMain.java:69)
	at worker.org.gradle.process.internal.worker.GradleWorkerMain.main(GradleWorkerMain.java:74)
</pre>
</span>
</div>
<div class="test">
<a name="createMemberNegativeTest6"></a>
<h3 class="failures">createMemberNegativeTest6</h3>
<span class="code">
<pre>java.lang.AssertionError: Message is not the expected
Expected: is &quot;Invalid Postal Code&quot;
     but: was &quot;Invalid Phone Number&quot;
	at org.hamcrest.MatcherAssert.assertThat(MatcherAssert.java:20)
	at api.validators.ErrorResponseValidator.assertErrorResponse(ErrorResponseValidator.java:20)
	at api.mappings.Member.CreateMemberNegativeTest.createMemberNegativeTest6(CreateMemberNegativeTest.java:148)
	at java.base/jdk.internal.reflect.DirectMethodHandleAccessor.invoke(DirectMethodHandleAccessor.java:103)
	at java.base/java.lang.reflect.Method.invoke(Method.java:580)
	at org.testng.internal.MethodInvocationHelper.invokeMethod(MethodInvocationHelper.java:133)
	at org.testng.internal.TestInvoker.invokeMethod(TestInvoker.java:598)
	at org.testng.internal.TestInvoker.invokeTestMethod(TestInvoker.java:173)
	at org.testng.internal.MethodRunner.runInSequence(MethodRunner.java:46)
	at org.testng.internal.TestInvoker$MethodInvocationAgent.invoke(TestInvoker.java:824)
	at org.testng.internal.TestInvoker.invokeTestMethods(TestInvoker.java:146)
	at org.testng.internal.TestMethodWorker.invokeTestMethods(TestMethodWorker.java:146)
	at org.testng.internal.TestMethodWorker.run(TestMethodWorker.java:128)
	at java.base/java.util.ArrayList.forEach(ArrayList.java:1596)
	at org.testng.TestRunner.privateRun(TestRunner.java:794)
	at org.testng.TestRunner.run(TestRunner.java:596)
	at org.testng.SuiteRunner.runTest(SuiteRunner.java:377)
	at org.testng.SuiteRunner.runSequentially(SuiteRunner.java:371)
	at org.testng.SuiteRunner.privateRun(SuiteRunner.java:332)
	at org.testng.SuiteRunner.run(SuiteRunner.java:276)
	at org.testng.SuiteRunnerWorker.runSuite(SuiteRunnerWorker.java:53)
	at org.testng.SuiteRunnerWorker.run(SuiteRunnerWorker.java:96)
	at org.testng.TestNG.runSuitesSequentially(TestNG.java:1212)
	at org.testng.TestNG.runSuitesLocally(TestNG.java:1134)
	at org.testng.TestNG.runSuites(TestNG.java:1063)
	at org.testng.TestNG.run(TestNG.java:1031)
	at org.gradle.api.internal.tasks.testing.testng.TestNGTestClassProcessor.runTests(TestNGTestClassProcessor.java:153)
	at org.gradle.api.internal.tasks.testing.testng.TestNGTestClassProcessor.stop(TestNGTestClassProcessor.java:95)
	at org.gradle.api.internal.tasks.testing.SuiteTestClassProcessor.stop(SuiteTestClassProcessor.java:63)
	at java.base/jdk.internal.reflect.DirectMethodHandleAccessor.invoke(DirectMethodHandleAccessor.java:103)
	at java.base/java.lang.reflect.Method.invoke(Method.java:580)
	at org.gradle.internal.dispatch.ReflectionDispatch.dispatch(ReflectionDispatch.java:36)
	at org.gradle.internal.dispatch.ReflectionDispatch.dispatch(ReflectionDispatch.java:24)
	at org.gradle.internal.dispatch.ContextClassLoaderDispatch.dispatch(ContextClassLoaderDispatch.java:33)
	at org.gradle.internal.dispatch.ProxyDispatchAdapter$DispatchingInvocationHandler.invoke(ProxyDispatchAdapter.java:92)
	at jdk.proxy1/jdk.proxy1.$Proxy4.stop(Unknown Source)
	at org.gradle.api.internal.tasks.testing.worker.TestWorker$3.run(TestWorker.java:200)
	at org.gradle.api.internal.tasks.testing.worker.TestWorker.executeAndMaintainThreadName(TestWorker.java:132)
	at org.gradle.api.internal.tasks.testing.worker.TestWorker.execute(TestWorker.java:103)
	at org.gradle.api.internal.tasks.testing.worker.TestWorker.execute(TestWorker.java:63)
	at org.gradle.process.internal.worker.child.ActionExecutionWorker.execute(ActionExecutionWorker.java:56)
	at org.gradle.process.internal.worker.child.SystemApplicationClassLoaderWorker.call(SystemApplicationClassLoaderWorker.java:121)
	at org.gradle.process.internal.worker.child.SystemApplicationClassLoaderWorker.call(SystemApplicationClassLoaderWorker.java:71)
	at worker.org.gradle.process.internal.worker.GradleWorkerMain.run(GradleWorkerMain.java:69)
	at worker.org.gradle.process.internal.worker.GradleWorkerMain.main(GradleWorkerMain.java:74)
</pre>
</span>
</div>
<div class="test">
<a name="createMemberNegativeTest7"></a>
<h3 class="failures">createMemberNegativeTest7</h3>
<span class="code">
<pre>java.lang.AssertionError: Expected response code to be [400] but was [500]
Expected: is &lt;400&gt;
     but: was &lt;500&gt;
	at org.hamcrest.MatcherAssert.assertThat(MatcherAssert.java:20)
	at api.validators.ResponseValidator.assertBadRequest(ResponseValidator.java:69)
	at api.mappings.Member.CreateMemberNegativeTest.createMemberNegativeTest7(CreateMemberNegativeTest.java:166)
	at java.base/jdk.internal.reflect.DirectMethodHandleAccessor.invoke(DirectMethodHandleAccessor.java:103)
	at java.base/java.lang.reflect.Method.invoke(Method.java:580)
	at org.testng.internal.MethodInvocationHelper.invokeMethod(MethodInvocationHelper.java:133)
	at org.testng.internal.TestInvoker.invokeMethod(TestInvoker.java:598)
	at org.testng.internal.TestInvoker.invokeTestMethod(TestInvoker.java:173)
	at org.testng.internal.MethodRunner.runInSequence(MethodRunner.java:46)
	at org.testng.internal.TestInvoker$MethodInvocationAgent.invoke(TestInvoker.java:824)
	at org.testng.internal.TestInvoker.invokeTestMethods(TestInvoker.java:146)
	at org.testng.internal.TestMethodWorker.invokeTestMethods(TestMethodWorker.java:146)
	at org.testng.internal.TestMethodWorker.run(TestMethodWorker.java:128)
	at java.base/java.util.ArrayList.forEach(ArrayList.java:1596)
	at org.testng.TestRunner.privateRun(TestRunner.java:794)
	at org.testng.TestRunner.run(TestRunner.java:596)
	at org.testng.SuiteRunner.runTest(SuiteRunner.java:377)
	at org.testng.SuiteRunner.runSequentially(SuiteRunner.java:371)
	at org.testng.SuiteRunner.privateRun(SuiteRunner.java:332)
	at org.testng.SuiteRunner.run(SuiteRunner.java:276)
	at org.testng.SuiteRunnerWorker.runSuite(SuiteRunnerWorker.java:53)
	at org.testng.SuiteRunnerWorker.run(SuiteRunnerWorker.java:96)
	at org.testng.TestNG.runSuitesSequentially(TestNG.java:1212)
	at org.testng.TestNG.runSuitesLocally(TestNG.java:1134)
	at org.testng.TestNG.runSuites(TestNG.java:1063)
	at org.testng.TestNG.run(TestNG.java:1031)
	at org.gradle.api.internal.tasks.testing.testng.TestNGTestClassProcessor.runTests(TestNGTestClassProcessor.java:153)
	at org.gradle.api.internal.tasks.testing.testng.TestNGTestClassProcessor.stop(TestNGTestClassProcessor.java:95)
	at org.gradle.api.internal.tasks.testing.SuiteTestClassProcessor.stop(SuiteTestClassProcessor.java:63)
	at java.base/jdk.internal.reflect.DirectMethodHandleAccessor.invoke(DirectMethodHandleAccessor.java:103)
	at java.base/java.lang.reflect.Method.invoke(Method.java:580)
	at org.gradle.internal.dispatch.ReflectionDispatch.dispatch(ReflectionDispatch.java:36)
	at org.gradle.internal.dispatch.ReflectionDispatch.dispatch(ReflectionDispatch.java:24)
	at org.gradle.internal.dispatch.ContextClassLoaderDispatch.dispatch(ContextClassLoaderDispatch.java:33)
	at org.gradle.internal.dispatch.ProxyDispatchAdapter$DispatchingInvocationHandler.invoke(ProxyDispatchAdapter.java:92)
	at jdk.proxy1/jdk.proxy1.$Proxy4.stop(Unknown Source)
	at org.gradle.api.internal.tasks.testing.worker.TestWorker$3.run(TestWorker.java:200)
	at org.gradle.api.internal.tasks.testing.worker.TestWorker.executeAndMaintainThreadName(TestWorker.java:132)
	at org.gradle.api.internal.tasks.testing.worker.TestWorker.execute(TestWorker.java:103)
	at org.gradle.api.internal.tasks.testing.worker.TestWorker.execute(TestWorker.java:63)
	at org.gradle.process.internal.worker.child.ActionExecutionWorker.execute(ActionExecutionWorker.java:56)
	at org.gradle.process.internal.worker.child.SystemApplicationClassLoaderWorker.call(SystemApplicationClassLoaderWorker.java:121)
	at org.gradle.process.internal.worker.child.SystemApplicationClassLoaderWorker.call(SystemApplicationClassLoaderWorker.java:71)
	at worker.org.gradle.process.internal.worker.GradleWorkerMain.run(GradleWorkerMain.java:69)
	at worker.org.gradle.process.internal.worker.GradleWorkerMain.main(GradleWorkerMain.java:74)
</pre>
</span>
</div>
<div class="test">
<a name="createMemberNegativeTest8"></a>
<h3 class="failures">createMemberNegativeTest8</h3>
<span class="code">
<pre>java.lang.AssertionError: Expected response code to be [400] but was [500]
Expected: is &lt;400&gt;
     but: was &lt;500&gt;
	at org.hamcrest.MatcherAssert.assertThat(MatcherAssert.java:20)
	at api.validators.ResponseValidator.assertBadRequest(ResponseValidator.java:69)
	at api.mappings.Member.CreateMemberNegativeTest.createMemberNegativeTest8(CreateMemberNegativeTest.java:187)
	at java.base/jdk.internal.reflect.DirectMethodHandleAccessor.invoke(DirectMethodHandleAccessor.java:103)
	at java.base/java.lang.reflect.Method.invoke(Method.java:580)
	at org.testng.internal.MethodInvocationHelper.invokeMethod(MethodInvocationHelper.java:133)
	at org.testng.internal.TestInvoker.invokeMethod(TestInvoker.java:598)
	at org.testng.internal.TestInvoker.invokeTestMethod(TestInvoker.java:173)
	at org.testng.internal.MethodRunner.runInSequence(MethodRunner.java:46)
	at org.testng.internal.TestInvoker$MethodInvocationAgent.invoke(TestInvoker.java:824)
	at org.testng.internal.TestInvoker.invokeTestMethods(TestInvoker.java:146)
	at org.testng.internal.TestMethodWorker.invokeTestMethods(TestMethodWorker.java:146)
	at org.testng.internal.TestMethodWorker.run(TestMethodWorker.java:128)
	at java.base/java.util.ArrayList.forEach(ArrayList.java:1596)
	at org.testng.TestRunner.privateRun(TestRunner.java:794)
	at org.testng.TestRunner.run(TestRunner.java:596)
	at org.testng.SuiteRunner.runTest(SuiteRunner.java:377)
	at org.testng.SuiteRunner.runSequentially(SuiteRunner.java:371)
	at org.testng.SuiteRunner.privateRun(SuiteRunner.java:332)
	at org.testng.SuiteRunner.run(SuiteRunner.java:276)
	at org.testng.SuiteRunnerWorker.runSuite(SuiteRunnerWorker.java:53)
	at org.testng.SuiteRunnerWorker.run(SuiteRunnerWorker.java:96)
	at org.testng.TestNG.runSuitesSequentially(TestNG.java:1212)
	at org.testng.TestNG.runSuitesLocally(TestNG.java:1134)
	at org.testng.TestNG.runSuites(TestNG.java:1063)
	at org.testng.TestNG.run(TestNG.java:1031)
	at org.gradle.api.internal.tasks.testing.testng.TestNGTestClassProcessor.runTests(TestNGTestClassProcessor.java:153)
	at org.gradle.api.internal.tasks.testing.testng.TestNGTestClassProcessor.stop(TestNGTestClassProcessor.java:95)
	at org.gradle.api.internal.tasks.testing.SuiteTestClassProcessor.stop(SuiteTestClassProcessor.java:63)
	at java.base/jdk.internal.reflect.DirectMethodHandleAccessor.invoke(DirectMethodHandleAccessor.java:103)
	at java.base/java.lang.reflect.Method.invoke(Method.java:580)
	at org.gradle.internal.dispatch.ReflectionDispatch.dispatch(ReflectionDispatch.java:36)
	at org.gradle.internal.dispatch.ReflectionDispatch.dispatch(ReflectionDispatch.java:24)
	at org.gradle.internal.dispatch.ContextClassLoaderDispatch.dispatch(ContextClassLoaderDispatch.java:33)
	at org.gradle.internal.dispatch.ProxyDispatchAdapter$DispatchingInvocationHandler.invoke(ProxyDispatchAdapter.java:92)
	at jdk.proxy1/jdk.proxy1.$Proxy4.stop(Unknown Source)
	at org.gradle.api.internal.tasks.testing.worker.TestWorker$3.run(TestWorker.java:200)
	at org.gradle.api.internal.tasks.testing.worker.TestWorker.executeAndMaintainThreadName(TestWorker.java:132)
	at org.gradle.api.internal.tasks.testing.worker.TestWorker.execute(TestWorker.java:103)
	at org.gradle.api.internal.tasks.testing.worker.TestWorker.execute(TestWorker.java:63)
	at org.gradle.process.internal.worker.child.ActionExecutionWorker.execute(ActionExecutionWorker.java:56)
	at org.gradle.process.internal.worker.child.SystemApplicationClassLoaderWorker.call(SystemApplicationClassLoaderWorker.java:121)
	at org.gradle.process.internal.worker.child.SystemApplicationClassLoaderWorker.call(SystemApplicationClassLoaderWorker.java:71)
	at worker.org.gradle.process.internal.worker.GradleWorkerMain.run(GradleWorkerMain.java:69)
	at worker.org.gradle.process.internal.worker.GradleWorkerMain.main(GradleWorkerMain.java:74)
</pre>
</span>
</div>
</div>
<div id="tab1" class="tab">
<h2>Tests</h2>
<table>
<thead>
<tr>
<th>Test</th>
<th>Duration</th>
<th>Result</th>
</tr>
</thead>
<tr>
<td class="success">createMemberNegativeTest1</td>
<td class="success">3.311s</td>
<td class="success">passed</td>
</tr>
<tr>
<td class="success">createMemberNegativeTest10</td>
<td class="success">0.157s</td>
<td class="success">passed</td>
</tr>
<tr>
<td class="failures">createMemberNegativeTest11</td>
<td class="failures">0.145s</td>
<td class="failures">failed</td>
</tr>
<tr>
<td class="failures">createMemberNegativeTest12</td>
<td class="failures">0.106s</td>
<td class="failures">failed</td>
</tr>
<tr>
<td class="success">createMemberNegativeTest13</td>
<td class="success">0.068s</td>
<td class="success">passed</td>
</tr>
<tr>
<td class="failures">createMemberNegativeTest14</td>
<td class="failures">0.135s</td>
<td class="failures">failed</td>
</tr>
<tr>
<td class="success">createMemberNegativeTest2</td>
<td class="success">0.157s</td>
<td class="success">passed</td>
</tr>
<tr>
<td class="failures">createMemberNegativeTest3</td>
<td class="failures">0.196s</td>
<td class="failures">failed</td>
</tr>
<tr>
<td class="success">createMemberNegativeTest4</td>
<td class="success">0.105s</td>
<td class="success">passed</td>
</tr>
<tr>
<td class="failures">createMemberNegativeTest5</td>
<td class="failures">0.107s</td>
<td class="failures">failed</td>
</tr>
<tr>
<td class="failures">createMemberNegativeTest6</td>
<td class="failures">0.074s</td>
<td class="failures">failed</td>
</tr>
<tr>
<td class="failures">createMemberNegativeTest7</td>
<td class="failures">0.104s</td>
<td class="failures">failed</td>
</tr>
<tr>
<td class="failures">createMemberNegativeTest8</td>
<td class="failures">0.077s</td>
<td class="failures">failed</td>
</tr>
<tr>
<td class="success">createMemberNegativeTest9</td>
<td class="success">0.088s</td>
<td class="success">passed</td>
</tr>
</table>
</div>
<div id="tab2" class="tab">
<h2>Standard error</h2>
<span class="code">
<pre>Jan 15, 2025 1:11:18 PM okhttp3.internal.platform.Platform log
INFO: --&gt; POST http://localhost:8080/member
Jan 15, 2025 1:11:18 PM okhttp3.internal.platform.Platform log
INFO: Content-Type: application/json; charset=UTF-8
Jan 15, 2025 1:11:18 PM okhttp3.internal.platform.Platform log
INFO: Content-Length: 212
Jan 15, 2025 1:11:18 PM okhttp3.internal.platform.Platform log
INFO: 
Jan 15, 2025 1:11:18 PM okhttp3.internal.platform.Platform log
INFO: {&quot;id&quot;:null,&quot;firstName&quot;:null,&quot;lastName&quot;:null,&quot;address&quot;:null,&quot;postalCode&quot;:&quot;3898-098&quot;,&quot;city&quot;:null,&quot;country&quot;:null,&quot;phoneNumber&quot;:963852741,&quot;nif&quot;:123456789,&quot;email&quot;:null,&quot;birthDate&quot;:&quot;2028-01-15&quot;,&quot;registrationDate&quot;:null}
Jan 15, 2025 1:11:18 PM okhttp3.internal.platform.Platform log
INFO: --&gt; END POST (212-byte body)
Jan 15, 2025 1:11:19 PM okhttp3.internal.platform.Platform log
INFO: &lt;-- 400 http://localhost:8080/member (304ms)
Jan 15, 2025 1:11:19 PM okhttp3.internal.platform.Platform log
INFO: Content-Type: application/json
Jan 15, 2025 1:11:19 PM okhttp3.internal.platform.Platform log
INFO: Transfer-Encoding: chunked
Jan 15, 2025 1:11:19 PM okhttp3.internal.platform.Platform log
INFO: Date: Wed, 15 Jan 2025 13:11:19 GMT
Jan 15, 2025 1:11:19 PM okhttp3.internal.platform.Platform log
INFO: Connection: close
Jan 15, 2025 1:11:19 PM okhttp3.internal.platform.Platform log
INFO: 
Jan 15, 2025 1:11:19 PM okhttp3.internal.platform.Platform log
INFO: {&quot;timestamp&quot;:&quot;2025-01-15T13:11:19.040+00:00&quot;,&quot;status&quot;:400,&quot;error&quot;:&quot;Bad Request&quot;,&quot;message&quot;:&quot;Invalid Birth Date&quot;,&quot;path&quot;:&quot;/member&quot;}
Jan 15, 2025 1:11:19 PM okhttp3.internal.platform.Platform log
INFO: &lt;-- END HTTP (128-byte body)
Jan 15, 2025 1:11:19 PM okhttp3.internal.platform.Platform log
INFO: --&gt; POST http://localhost:8080/member
Jan 15, 2025 1:11:19 PM okhttp3.internal.platform.Platform log
INFO: Content-Type: application/json; charset=UTF-8
Jan 15, 2025 1:11:19 PM okhttp3.internal.platform.Platform log
INFO: Content-Length: 199
Jan 15, 2025 1:11:19 PM okhttp3.internal.platform.Platform log
INFO: 
Jan 15, 2025 1:11:19 PM okhttp3.internal.platform.Platform log
INFO: {&quot;id&quot;:null,&quot;firstName&quot;:null,&quot;lastName&quot;:null,&quot;address&quot;:null,&quot;postalCode&quot;:&quot;3898-098&quot;,&quot;city&quot;:null,&quot;country&quot;:null,&quot;phoneNumber&quot;:null,&quot;nif&quot;:123456789,&quot;email&quot;:null,&quot;birthDate&quot;:null,&quot;registrationDate&quot;:null}
Jan 15, 2025 1:11:19 PM okhttp3.internal.platform.Platform log
INFO: --&gt; END POST (199-byte body)
Jan 15, 2025 1:11:19 PM okhttp3.internal.platform.Platform log
INFO: &lt;-- 400 http://localhost:8080/member (38ms)
Jan 15, 2025 1:11:19 PM okhttp3.internal.platform.Platform log
INFO: Content-Type: application/json
Jan 15, 2025 1:11:19 PM okhttp3.internal.platform.Platform log
INFO: Transfer-Encoding: chunked
Jan 15, 2025 1:11:19 PM okhttp3.internal.platform.Platform log
INFO: Date: Wed, 15 Jan 2025 13:11:19 GMT
Jan 15, 2025 1:11:19 PM okhttp3.internal.platform.Platform log
INFO: Connection: close
Jan 15, 2025 1:11:19 PM okhttp3.internal.platform.Platform log
INFO: 
Jan 15, 2025 1:11:19 PM okhttp3.internal.platform.Platform log
INFO: {&quot;timestamp&quot;:&quot;2025-01-15T13:11:19.493+00:00&quot;,&quot;status&quot;:400,&quot;error&quot;:&quot;Bad Request&quot;,&quot;message&quot;:&quot;Invalid Phone Number&quot;,&quot;path&quot;:&quot;/member&quot;}
Jan 15, 2025 1:11:19 PM okhttp3.internal.platform.Platform log
INFO: &lt;-- END HTTP (130-byte body)
Jan 15, 2025 1:11:19 PM okhttp3.internal.platform.Platform log
INFO: --&gt; POST http://localhost:8080/member
Jan 15, 2025 1:11:19 PM okhttp3.internal.platform.Platform log
INFO: Content-Type: application/json; charset=UTF-8
Jan 15, 2025 1:11:19 PM okhttp3.internal.platform.Platform log
INFO: Content-Length: 196
Jan 15, 2025 1:11:19 PM okhttp3.internal.platform.Platform log
INFO: 
Jan 15, 2025 1:11:19 PM okhttp3.internal.platform.Platform log
INFO: {&quot;id&quot;:null,&quot;firstName&quot;:null,&quot;lastName&quot;:null,&quot;address&quot;:null,&quot;postalCode&quot;:null,&quot;city&quot;:null,&quot;country&quot;:null,&quot;phoneNumber&quot;:null,&quot;nif&quot;:null,&quot;email&quot;:null,&quot;birthDate&quot;:&quot;1999-09-09&quot;,&quot;registrationDate&quot;:null}
Jan 15, 2025 1:11:19 PM okhttp3.internal.platform.Platform log
INFO: --&gt; END POST (196-byte body)
Jan 15, 2025 1:11:19 PM okhttp3.internal.platform.Platform log
INFO: &lt;-- 400 http://localhost:8080/member (35ms)
Jan 15, 2025 1:11:19 PM okhttp3.internal.platform.Platform log
INFO: Content-Type: application/json
Jan 15, 2025 1:11:19 PM okhttp3.internal.platform.Platform log
INFO: Transfer-Encoding: chunked
Jan 15, 2025 1:11:19 PM okhttp3.internal.platform.Platform log
INFO: Date: Wed, 15 Jan 2025 13:11:19 GMT
Jan 15, 2025 1:11:19 PM okhttp3.internal.platform.Platform log
INFO: Connection: close
Jan 15, 2025 1:11:19 PM okhttp3.internal.platform.Platform log
INFO: 
Jan 15, 2025 1:11:19 PM okhttp3.internal.platform.Platform log
INFO: {&quot;timestamp&quot;:&quot;2025-01-15T13:11:19.640+00:00&quot;,&quot;status&quot;:400,&quot;error&quot;:&quot;Bad Request&quot;,&quot;message&quot;:&quot;Invalid Phone Number&quot;,&quot;path&quot;:&quot;/member&quot;}
Jan 15, 2025 1:11:19 PM okhttp3.internal.platform.Platform log
INFO: &lt;-- END HTTP (130-byte body)
Jan 15, 2025 1:11:19 PM okhttp3.internal.platform.Platform log
INFO: --&gt; POST http://localhost:8080/member
Jan 15, 2025 1:11:19 PM okhttp3.internal.platform.Platform log
INFO: Content-Type: application/json; charset=UTF-8
Jan 15, 2025 1:11:19 PM okhttp3.internal.platform.Platform log
INFO: Content-Length: 193
Jan 15, 2025 1:11:19 PM okhttp3.internal.platform.Platform log
INFO: 
Jan 15, 2025 1:11:19 PM okhttp3.internal.platform.Platform log
INFO: {&quot;id&quot;:null,&quot;firstName&quot;:null,&quot;lastName&quot;:null,&quot;address&quot;:null,&quot;postalCode&quot;:null,&quot;city&quot;:null,&quot;country&quot;:null,&quot;phoneNumber&quot;:null,&quot;nif&quot;:123456789,&quot;email&quot;:null,&quot;birthDate&quot;:null,&quot;registrationDate&quot;:null}
Jan 15, 2025 1:11:19 PM okhttp3.internal.platform.Platform log
INFO: --&gt; END POST (193-byte body)
Jan 15, 2025 1:11:19 PM okhttp3.internal.platform.Platform log
INFO: &lt;-- 400 http://localhost:8080/member (19ms)
Jan 15, 2025 1:11:19 PM okhttp3.internal.platform.Platform log
INFO: Content-Type: application/json
Jan 15, 2025 1:11:19 PM okhttp3.internal.platform.Platform log
INFO: Transfer-Encoding: chunked
Jan 15, 2025 1:11:19 PM okhttp3.internal.platform.Platform log
INFO: Date: Wed, 15 Jan 2025 13:11:19 GMT
Jan 15, 2025 1:11:19 PM okhttp3.internal.platform.Platform log
INFO: Connection: close
Jan 15, 2025 1:11:19 PM okhttp3.internal.platform.Platform log
INFO: 
Jan 15, 2025 1:11:19 PM okhttp3.internal.platform.Platform log
INFO: {&quot;timestamp&quot;:&quot;2025-01-15T13:11:19.807+00:00&quot;,&quot;status&quot;:400,&quot;error&quot;:&quot;Bad Request&quot;,&quot;message&quot;:&quot;Invalid Phone Number&quot;,&quot;path&quot;:&quot;/member&quot;}
Jan 15, 2025 1:11:19 PM okhttp3.internal.platform.Platform log
INFO: &lt;-- END HTTP (130-byte body)
Jan 15, 2025 1:11:19 PM okhttp3.internal.platform.Platform log
INFO: --&gt; POST http://localhost:8080/member
Jan 15, 2025 1:11:19 PM okhttp3.internal.platform.Platform log
INFO: Content-Type: application/json; charset=UTF-8
Jan 15, 2025 1:11:19 PM okhttp3.internal.platform.Platform log
INFO: Content-Length: 194
Jan 15, 2025 1:11:19 PM okhttp3.internal.platform.Platform log
INFO: 
Jan 15, 2025 1:11:19 PM okhttp3.internal.platform.Platform log
INFO: {&quot;id&quot;:null,&quot;firstName&quot;:null,&quot;lastName&quot;:null,&quot;address&quot;:null,&quot;postalCode&quot;:&quot;3898-098&quot;,&quot;city&quot;:null,&quot;country&quot;:null,&quot;phoneNumber&quot;:null,&quot;nif&quot;:null,&quot;email&quot;:null,&quot;birthDate&quot;:null,&quot;registrationDate&quot;:null}
Jan 15, 2025 1:11:19 PM okhttp3.internal.platform.Platform log
INFO: --&gt; END POST (194-byte body)
Jan 15, 2025 1:11:19 PM okhttp3.internal.platform.Platform log
INFO: &lt;-- 400 http://localhost:8080/member (27ms)
Jan 15, 2025 1:11:19 PM okhttp3.internal.platform.Platform log
INFO: Content-Type: application/json
Jan 15, 2025 1:11:19 PM okhttp3.internal.platform.Platform log
INFO: Transfer-Encoding: chunked
Jan 15, 2025 1:11:19 PM okhttp3.internal.platform.Platform log
INFO: Date: Wed, 15 Jan 2025 13:11:19 GMT
Jan 15, 2025 1:11:19 PM okhttp3.internal.platform.Platform log
INFO: Connection: close
Jan 15, 2025 1:11:19 PM okhttp3.internal.platform.Platform log
INFO: 
Jan 15, 2025 1:11:19 PM okhttp3.internal.platform.Platform log
INFO: {&quot;timestamp&quot;:&quot;2025-01-15T13:11:19.906+00:00&quot;,&quot;status&quot;:400,&quot;error&quot;:&quot;Bad Request&quot;,&quot;message&quot;:&quot;Invalid Phone Number&quot;,&quot;path&quot;:&quot;/member&quot;}
Jan 15, 2025 1:11:19 PM okhttp3.internal.platform.Platform log
INFO: &lt;-- END HTTP (130-byte body)
Jan 15, 2025 1:11:19 PM okhttp3.internal.platform.Platform log
INFO: --&gt; POST http://localhost:8080/member
Jan 15, 2025 1:11:19 PM okhttp3.internal.platform.Platform log
INFO: Content-Type: application/json; charset=UTF-8
Jan 15, 2025 1:11:19 PM okhttp3.internal.platform.Platform log
INFO: Content-Length: 188
Jan 15, 2025 1:11:19 PM okhttp3.internal.platform.Platform log
INFO: 
Jan 15, 2025 1:11:19 PM okhttp3.internal.platform.Platform log
INFO: {&quot;id&quot;:null,&quot;firstName&quot;:null,&quot;lastName&quot;:null,&quot;address&quot;:null,&quot;postalCode&quot;:null,&quot;city&quot;:null,&quot;country&quot;:null,&quot;phoneNumber&quot;:null,&quot;nif&quot;:null,&quot;email&quot;:null,&quot;birthDate&quot;:null,&quot;registrationDate&quot;:null}
Jan 15, 2025 1:11:19 PM okhttp3.internal.platform.Platform log
INFO: --&gt; END POST (188-byte body)
Jan 15, 2025 1:11:20 PM okhttp3.internal.platform.Platform log
INFO: &lt;-- 400 http://localhost:8080/member (27ms)
Jan 15, 2025 1:11:20 PM okhttp3.internal.platform.Platform log
INFO: Content-Type: application/json
Jan 15, 2025 1:11:20 PM okhttp3.internal.platform.Platform log
INFO: Transfer-Encoding: chunked
Jan 15, 2025 1:11:20 PM okhttp3.internal.platform.Platform log
INFO: Date: Wed, 15 Jan 2025 13:11:20 GMT
Jan 15, 2025 1:11:20 PM okhttp3.internal.platform.Platform log
INFO: Connection: close
Jan 15, 2025 1:11:20 PM okhttp3.internal.platform.Platform log
INFO: 
Jan 15, 2025 1:11:20 PM okhttp3.internal.platform.Platform log
INFO: {&quot;timestamp&quot;:&quot;2025-01-15T13:11:20.004+00:00&quot;,&quot;status&quot;:400,&quot;error&quot;:&quot;Bad Request&quot;,&quot;message&quot;:&quot;Invalid Phone Number&quot;,&quot;path&quot;:&quot;/member&quot;}
Jan 15, 2025 1:11:20 PM okhttp3.internal.platform.Platform log
INFO: &lt;-- END HTTP (130-byte body)
Jan 15, 2025 1:11:20 PM okhttp3.internal.platform.Platform log
INFO: --&gt; POST http://localhost:8080/member
Jan 15, 2025 1:11:20 PM okhttp3.internal.platform.Platform log
INFO: Content-Type: application/json; charset=UTF-8
Jan 15, 2025 1:11:20 PM okhttp3.internal.platform.Platform log
INFO: Content-Length: 207
Jan 15, 2025 1:11:20 PM okhttp3.internal.platform.Platform log
INFO: 
Jan 15, 2025 1:11:20 PM okhttp3.internal.platform.Platform log
INFO: {&quot;id&quot;:null,&quot;firstName&quot;:null,&quot;lastName&quot;:null,&quot;address&quot;:null,&quot;postalCode&quot;:&quot;3898-098&quot;,&quot;city&quot;:null,&quot;country&quot;:null,&quot;phoneNumber&quot;:null,&quot;nif&quot;:123456789,&quot;email&quot;:null,&quot;birthDate&quot;:&quot;1999-09-09&quot;,&quot;registrationDate&quot;:null}
Jan 15, 2025 1:11:20 PM okhttp3.internal.platform.Platform log
INFO: --&gt; END POST (207-byte body)
Jan 15, 2025 1:11:20 PM okhttp3.internal.platform.Platform log
INFO: &lt;-- 400 http://localhost:8080/member (89ms)
Jan 15, 2025 1:11:20 PM okhttp3.internal.platform.Platform log
INFO: Content-Type: application/json
Jan 15, 2025 1:11:20 PM okhttp3.internal.platform.Platform log
INFO: Transfer-Encoding: chunked
Jan 15, 2025 1:11:20 PM okhttp3.internal.platform.Platform log
INFO: Date: Wed, 15 Jan 2025 13:11:20 GMT
Jan 15, 2025 1:11:20 PM okhttp3.internal.platform.Platform log
INFO: Connection: close
Jan 15, 2025 1:11:20 PM okhttp3.internal.platform.Platform log
INFO: 
Jan 15, 2025 1:11:20 PM okhttp3.internal.platform.Platform log
INFO: {&quot;timestamp&quot;:&quot;2025-01-15T13:11:20.190+00:00&quot;,&quot;status&quot;:400,&quot;error&quot;:&quot;Bad Request&quot;,&quot;message&quot;:&quot;Invalid Phone Number&quot;,&quot;path&quot;:&quot;/member&quot;}
Jan 15, 2025 1:11:20 PM okhttp3.internal.platform.Platform log
INFO: &lt;-- END HTTP (130-byte body)
Jan 15, 2025 1:11:20 PM okhttp3.internal.platform.Platform log
INFO: --&gt; POST http://localhost:8080/member
Jan 15, 2025 1:11:20 PM okhttp3.internal.platform.Platform log
INFO: Content-Type: application/json; charset=UTF-8
Jan 15, 2025 1:11:20 PM okhttp3.internal.platform.Platform log
INFO: Content-Length: 206
Jan 15, 2025 1:11:20 PM okhttp3.internal.platform.Platform log
INFO: 
Jan 15, 2025 1:11:20 PM okhttp3.internal.platform.Platform log
INFO: {&quot;id&quot;:null,&quot;firstName&quot;:null,&quot;lastName&quot;:null,&quot;address&quot;:null,&quot;postalCode&quot;:null,&quot;city&quot;:null,&quot;country&quot;:null,&quot;phoneNumber&quot;:963852741,&quot;nif&quot;:123456789,&quot;email&quot;:null,&quot;birthDate&quot;:&quot;1999-09-09&quot;,&quot;registrationDate&quot;:null}
Jan 15, 2025 1:11:20 PM okhttp3.internal.platform.Platform log
INFO: --&gt; END POST (206-byte body)
Jan 15, 2025 1:11:20 PM okhttp3.internal.platform.Platform log
INFO: &lt;-- 500 http://localhost:8080/member (111ms)
Jan 15, 2025 1:11:20 PM okhttp3.internal.platform.Platform log
INFO: Content-Type: application/json
Jan 15, 2025 1:11:20 PM okhttp3.internal.platform.Platform log
INFO: Transfer-Encoding: chunked
Jan 15, 2025 1:11:20 PM okhttp3.internal.platform.Platform log
INFO: Date: Wed, 15 Jan 2025 13:11:20 GMT
Jan 15, 2025 1:11:20 PM okhttp3.internal.platform.Platform log
INFO: Connection: close
Jan 15, 2025 1:11:20 PM okhttp3.internal.platform.Platform log
INFO: 
Jan 15, 2025 1:11:20 PM okhttp3.internal.platform.Platform log
INFO: {&quot;timestamp&quot;:&quot;2025-01-15T13:11:20.424+00:00&quot;,&quot;status&quot;:500,&quot;error&quot;:&quot;Internal Server Error&quot;,&quot;message&quot;:&quot;Cannot invoke \&quot;String.matches(String)\&quot; because \&quot;plate\&quot; is null&quot;,&quot;path&quot;:&quot;/member&quot;}
Jan 15, 2025 1:11:20 PM okhttp3.internal.platform.Platform log
INFO: &lt;-- END HTTP (186-byte body)
Jan 15, 2025 1:11:20 PM okhttp3.internal.platform.Platform log
INFO: --&gt; POST http://localhost:8080/member
Jan 15, 2025 1:11:20 PM okhttp3.internal.platform.Platform log
INFO: Content-Type: application/json; charset=UTF-8
Jan 15, 2025 1:11:20 PM okhttp3.internal.platform.Platform log
INFO: Content-Length: 207
Jan 15, 2025 1:11:20 PM okhttp3.internal.platform.Platform log
INFO: 
Jan 15, 2025 1:11:20 PM okhttp3.internal.platform.Platform log
INFO: {&quot;id&quot;:null,&quot;firstName&quot;:null,&quot;lastName&quot;:null,&quot;address&quot;:null,&quot;postalCode&quot;:&quot;3898-098&quot;,&quot;city&quot;:null,&quot;country&quot;:null,&quot;phoneNumber&quot;:963852741,&quot;nif&quot;:null,&quot;email&quot;:null,&quot;birthDate&quot;:&quot;1999-09-09&quot;,&quot;registrationDate&quot;:null}
Jan 15, 2025 1:11:20 PM okhttp3.internal.platform.Platform log
INFO: --&gt; END POST (207-byte body)
Jan 15, 2025 1:11:20 PM okhttp3.internal.platform.Platform log
INFO: &lt;-- 400 http://localhost:8080/member (29ms)
Jan 15, 2025 1:11:20 PM okhttp3.internal.platform.Platform log
INFO: Content-Type: application/json
Jan 15, 2025 1:11:20 PM okhttp3.internal.platform.Platform log
INFO: Transfer-Encoding: chunked
Jan 15, 2025 1:11:20 PM okhttp3.internal.platform.Platform log
INFO: Date: Wed, 15 Jan 2025 13:11:20 GMT
Jan 15, 2025 1:11:20 PM okhttp3.internal.platform.Platform log
INFO: Connection: close
Jan 15, 2025 1:11:20 PM okhttp3.internal.platform.Platform log
INFO: 
Jan 15, 2025 1:11:20 PM okhttp3.internal.platform.Platform log
INFO: {&quot;timestamp&quot;:&quot;2025-01-15T13:11:20.552+00:00&quot;,&quot;status&quot;:400,&quot;error&quot;:&quot;Bad Request&quot;,&quot;message&quot;:&quot;Invalid NIF&quot;,&quot;path&quot;:&quot;/member&quot;}
Jan 15, 2025 1:11:20 PM okhttp3.internal.platform.Platform log
INFO: &lt;-- END HTTP (121-byte body)
Jan 15, 2025 1:11:20 PM okhttp3.internal.platform.Platform log
INFO: --&gt; POST http://localhost:8080/member
Jan 15, 2025 1:11:20 PM okhttp3.internal.platform.Platform log
INFO: Content-Type: application/json; charset=UTF-8
Jan 15, 2025 1:11:20 PM okhttp3.internal.platform.Platform log
INFO: Content-Length: 204
Jan 15, 2025 1:11:20 PM okhttp3.internal.platform.Platform log
INFO: 
Jan 15, 2025 1:11:20 PM okhttp3.internal.platform.Platform log
INFO: {&quot;id&quot;:null,&quot;firstName&quot;:null,&quot;lastName&quot;:null,&quot;address&quot;:null,&quot;postalCode&quot;:&quot;3898-098&quot;,&quot;city&quot;:null,&quot;country&quot;:null,&quot;phoneNumber&quot;:963852741,&quot;nif&quot;:123456789,&quot;email&quot;:null,&quot;birthDate&quot;:null,&quot;registrationDate&quot;:null}
Jan 15, 2025 1:11:20 PM okhttp3.internal.platform.Platform log
INFO: --&gt; END POST (204-byte body)
Jan 15, 2025 1:11:20 PM okhttp3.internal.platform.Platform log
INFO: &lt;-- 500 http://localhost:8080/member (63ms)
Jan 15, 2025 1:11:20 PM okhttp3.internal.platform.Platform log
INFO: Content-Type: application/json
Jan 15, 2025 1:11:20 PM okhttp3.internal.platform.Platform log
INFO: Transfer-Encoding: chunked
Jan 15, 2025 1:11:20 PM okhttp3.internal.platform.Platform log
INFO: Date: Wed, 15 Jan 2025 13:11:20 GMT
Jan 15, 2025 1:11:20 PM okhttp3.internal.platform.Platform log
INFO: Connection: close
Jan 15, 2025 1:11:20 PM okhttp3.internal.platform.Platform log
INFO: 
Jan 15, 2025 1:11:20 PM okhttp3.internal.platform.Platform log
INFO: {&quot;timestamp&quot;:&quot;2025-01-15T13:11:20.661+00:00&quot;,&quot;status&quot;:500,&quot;error&quot;:&quot;Internal Server Error&quot;,&quot;message&quot;:&quot;Cannot invoke \&quot;java.time.LocalDate.isBefore(java.time.chrono.ChronoLocalDate)\&quot; because \&quot;date\&quot; is null&quot;,&quot;path&quot;:&quot;/member&quot;}
Jan 15, 2025 1:11:20 PM okhttp3.internal.platform.Platform log
INFO: &lt;-- END HTTP (225-byte body)
Jan 15, 2025 1:11:20 PM okhttp3.internal.platform.Platform log
INFO: --&gt; POST http://localhost:8080/member
Jan 15, 2025 1:11:20 PM okhttp3.internal.platform.Platform log
INFO: Content-Type: application/json; charset=UTF-8
Jan 15, 2025 1:11:20 PM okhttp3.internal.platform.Platform log
INFO: Content-Length: 201
Jan 15, 2025 1:11:20 PM okhttp3.internal.platform.Platform log
INFO: 
Jan 15, 2025 1:11:20 PM okhttp3.internal.platform.Platform log
INFO: {&quot;id&quot;:null,&quot;firstName&quot;:null,&quot;lastName&quot;:null,&quot;address&quot;:null,&quot;postalCode&quot;:null,&quot;city&quot;:null,&quot;country&quot;:null,&quot;phoneNumber&quot;:null,&quot;nif&quot;:123456789,&quot;email&quot;:null,&quot;birthDate&quot;:&quot;1999-09-09&quot;,&quot;registrationDate&quot;:null}
Jan 15, 2025 1:11:20 PM okhttp3.internal.platform.Platform log
INFO: --&gt; END POST (201-byte body)
Jan 15, 2025 1:11:20 PM okhttp3.internal.platform.Platform log
INFO: &lt;-- 400 http://localhost:8080/member (36ms)
Jan 15, 2025 1:11:20 PM okhttp3.internal.platform.Platform log
INFO: Content-Type: application/json
Jan 15, 2025 1:11:20 PM okhttp3.internal.platform.Platform log
INFO: Transfer-Encoding: chunked
Jan 15, 2025 1:11:20 PM okhttp3.internal.platform.Platform log
INFO: Date: Wed, 15 Jan 2025 13:11:20 GMT
Jan 15, 2025 1:11:20 PM okhttp3.internal.platform.Platform log
INFO: Connection: close
Jan 15, 2025 1:11:20 PM okhttp3.internal.platform.Platform log
INFO: 
Jan 15, 2025 1:11:20 PM okhttp3.internal.platform.Platform log
INFO: {&quot;timestamp&quot;:&quot;2025-01-15T13:11:20.782+00:00&quot;,&quot;status&quot;:400,&quot;error&quot;:&quot;Bad Request&quot;,&quot;message&quot;:&quot;Invalid Phone Number&quot;,&quot;path&quot;:&quot;/member&quot;}
Jan 15, 2025 1:11:20 PM okhttp3.internal.platform.Platform log
INFO: &lt;-- END HTTP (130-byte body)
Jan 15, 2025 1:11:20 PM okhttp3.internal.platform.Platform log
INFO: --&gt; POST http://localhost:8080/member
Jan 15, 2025 1:11:20 PM okhttp3.internal.platform.Platform log
INFO: Content-Type: application/json; charset=UTF-8
Jan 15, 2025 1:11:20 PM okhttp3.internal.platform.Platform log
INFO: Content-Length: 201
Jan 15, 2025 1:11:20 PM okhttp3.internal.platform.Platform log
INFO: 
Jan 15, 2025 1:11:20 PM okhttp3.internal.platform.Platform log
INFO: {&quot;id&quot;:null,&quot;firstName&quot;:null,&quot;lastName&quot;:null,&quot;address&quot;:null,&quot;postalCode&quot;:null,&quot;city&quot;:null,&quot;country&quot;:null,&quot;phoneNumber&quot;:963852741,&quot;nif&quot;:null,&quot;email&quot;:null,&quot;birthDate&quot;:&quot;1999-09-09&quot;,&quot;registrationDate&quot;:null}
Jan 15, 2025 1:11:20 PM okhttp3.internal.platform.Platform log
INFO: --&gt; END POST (201-byte body)
Jan 15, 2025 1:11:20 PM okhttp3.internal.platform.Platform log
INFO: &lt;-- 500 http://localhost:8080/member (43ms)
Jan 15, 2025 1:11:20 PM okhttp3.internal.platform.Platform log
INFO: Content-Type: application/json
Jan 15, 2025 1:11:20 PM okhttp3.internal.platform.Platform log
INFO: Transfer-Encoding: chunked
Jan 15, 2025 1:11:20 PM okhttp3.internal.platform.Platform log
INFO: Date: Wed, 15 Jan 2025 13:11:20 GMT
Jan 15, 2025 1:11:20 PM okhttp3.internal.platform.Platform log
INFO: Connection: close
Jan 15, 2025 1:11:20 PM okhttp3.internal.platform.Platform log
INFO: 
Jan 15, 2025 1:11:20 PM okhttp3.internal.platform.Platform log
INFO: {&quot;timestamp&quot;:&quot;2025-01-15T13:11:20.858+00:00&quot;,&quot;status&quot;:500,&quot;error&quot;:&quot;Internal Server Error&quot;,&quot;message&quot;:&quot;Cannot invoke \&quot;String.matches(String)\&quot; because \&quot;plate\&quot; is null&quot;,&quot;path&quot;:&quot;/member&quot;}
Jan 15, 2025 1:11:20 PM okhttp3.internal.platform.Platform log
INFO: &lt;-- END HTTP (186-byte body)
Jan 15, 2025 1:11:20 PM okhttp3.internal.platform.Platform log
INFO: --&gt; POST http://localhost:8080/member
Jan 15, 2025 1:11:20 PM okhttp3.internal.platform.Platform log
INFO: Content-Type: application/json; charset=UTF-8
Jan 15, 2025 1:11:20 PM okhttp3.internal.platform.Platform log
INFO: Content-Length: 198
Jan 15, 2025 1:11:20 PM okhttp3.internal.platform.Platform log
INFO: 
Jan 15, 2025 1:11:20 PM okhttp3.internal.platform.Platform log
INFO: {&quot;id&quot;:null,&quot;firstName&quot;:null,&quot;lastName&quot;:null,&quot;address&quot;:null,&quot;postalCode&quot;:null,&quot;city&quot;:null,&quot;country&quot;:null,&quot;phoneNumber&quot;:963852741,&quot;nif&quot;:123456789,&quot;email&quot;:null,&quot;birthDate&quot;:null,&quot;registrationDate&quot;:null}
Jan 15, 2025 1:11:20 PM okhttp3.internal.platform.Platform log
INFO: --&gt; END POST (198-byte body)
Jan 15, 2025 1:11:20 PM okhttp3.internal.platform.Platform log
INFO: &lt;-- 500 http://localhost:8080/member (21ms)
Jan 15, 2025 1:11:20 PM okhttp3.internal.platform.Platform log
INFO: Content-Type: application/json
Jan 15, 2025 1:11:20 PM okhttp3.internal.platform.Platform log
INFO: Transfer-Encoding: chunked
Jan 15, 2025 1:11:20 PM okhttp3.internal.platform.Platform log
INFO: Date: Wed, 15 Jan 2025 13:11:20 GMT
Jan 15, 2025 1:11:20 PM okhttp3.internal.platform.Platform log
INFO: Connection: close
Jan 15, 2025 1:11:20 PM okhttp3.internal.platform.Platform log
INFO: 
Jan 15, 2025 1:11:20 PM okhttp3.internal.platform.Platform log
INFO: {&quot;timestamp&quot;:&quot;2025-01-15T13:11:20.953+00:00&quot;,&quot;status&quot;:500,&quot;error&quot;:&quot;Internal Server Error&quot;,&quot;message&quot;:&quot;Cannot invoke \&quot;String.matches(String)\&quot; because \&quot;plate\&quot; is null&quot;,&quot;path&quot;:&quot;/member&quot;}
Jan 15, 2025 1:11:20 PM okhttp3.internal.platform.Platform log
INFO: &lt;-- END HTTP (186-byte body)
Jan 15, 2025 1:11:20 PM okhttp3.internal.platform.Platform log
INFO: --&gt; POST http://localhost:8080/member
Jan 15, 2025 1:11:20 PM okhttp3.internal.platform.Platform log
INFO: Content-Type: application/json; charset=UTF-8
Jan 15, 2025 1:11:21 PM okhttp3.internal.platform.Platform log
INFO: Content-Length: 202
Jan 15, 2025 1:11:21 PM okhttp3.internal.platform.Platform log
INFO: 
Jan 15, 2025 1:11:21 PM okhttp3.internal.platform.Platform log
INFO: {&quot;id&quot;:null,&quot;firstName&quot;:null,&quot;lastName&quot;:null,&quot;address&quot;:null,&quot;postalCode&quot;:&quot;3898-098&quot;,&quot;city&quot;:null,&quot;country&quot;:null,&quot;phoneNumber&quot;:null,&quot;nif&quot;:null,&quot;email&quot;:null,&quot;birthDate&quot;:&quot;1999-09-09&quot;,&quot;registrationDate&quot;:null}
Jan 15, 2025 1:11:21 PM okhttp3.internal.platform.Platform log
INFO: --&gt; END POST (202-byte body)
Jan 15, 2025 1:11:21 PM okhttp3.internal.platform.Platform log
INFO: &lt;-- 400 http://localhost:8080/member (42ms)
Jan 15, 2025 1:11:21 PM okhttp3.internal.platform.Platform log
INFO: Content-Type: application/json
Jan 15, 2025 1:11:21 PM okhttp3.internal.platform.Platform log
INFO: Transfer-Encoding: chunked
Jan 15, 2025 1:11:21 PM okhttp3.internal.platform.Platform log
INFO: Date: Wed, 15 Jan 2025 13:11:21 GMT
Jan 15, 2025 1:11:21 PM okhttp3.internal.platform.Platform log
INFO: Connection: close
Jan 15, 2025 1:11:21 PM okhttp3.internal.platform.Platform log
INFO: 
Jan 15, 2025 1:11:21 PM okhttp3.internal.platform.Platform log
INFO: {&quot;timestamp&quot;:&quot;2025-01-15T13:11:21.049+00:00&quot;,&quot;status&quot;:400,&quot;error&quot;:&quot;Bad Request&quot;,&quot;message&quot;:&quot;Invalid Phone Number&quot;,&quot;path&quot;:&quot;/member&quot;}
Jan 15, 2025 1:11:21 PM okhttp3.internal.platform.Platform log
INFO: &lt;-- END HTTP (130-byte body)
</pre>
</span>
</div>
</div>
<div id="footer">
<p>
<div>
<label class="hidden" id="label-for-line-wrapping-toggle" for="line-wrapping-toggle">Wrap lines
<input id="line-wrapping-toggle" type="checkbox" autocomplete="off"/>
</label>
</div>Generated by 
<a href="http://www.gradle.org">Gradle 8.11.1</a> at Jan 15, 2025, 1:11:24PM</p>
</div>
</div>
</body>
</html>
